2014-04-13 23:16:10  --------------------------------------------
2014-04-13 23:16:10  Начало процедуры запуска сервера
2014-04-13 23:16:10  Файл C:\Windows\system32\drivers\etc\hosts недоступен для записи
2014-04-13 23:16:10  Запуск будет продолжен в ограниченном режиме
2014-04-13 23:16:10  Создание виртуального диска
2014-04-13 23:16:10  Обновление конфигурации MySQL-5.5.35
2014-04-13 23:16:10  Обновление конфигурации Sendmail
2014-04-13 23:16:10  Обновление конфигурации PHP-5.3.27
2014-04-13 23:16:10  Обновление конфигурации PHPMyAdmin
2014-04-13 23:16:10  Обновление конфигурации Apache-2.2.26
2014-04-13 23:16:10  Запуск MySQL-5.5.35
2014-04-13 23:16:10  Запуск Apache-2.2.26
2014-04-13 23:16:10  Проверка состояния сервера
2014-04-13 23:16:32  Не удалось запустить Apache-2.2.26
2014-04-13 23:16:32  Сбой запуска!
2014-04-13 23:16:32  --------------------------------------------
2014-04-13 23:16:32  Начало процедуры остановки сервера
2014-04-13 23:16:32  Остановка системных модулей
2014-04-13 23:16:33  Отключение виртуального диска
2014-04-13 23:16:33  Веб-сервер успешно остановлен!
